::1 - - [13/Nov/2020:15:24:56 +0000] "GET / HTTP/1.1" 200 827 "-" "Mozilla/5.0 (X11; Linux x86_64) AppleWebKit/537.36 (KHTML, like Gecko) Chrome/85.0.4183.102 Safari/537.36"
::1 - - [13/Nov/2020:15:24:56 +0000] "GET /style.css HTTP/1.1" 200 279 "http://localhost:1905/" "Mozilla/5.0 (X11; Linux x86_64) AppleWebKit/537.36 (KHTML, like Gecko) Chrome/85.0.4183.102 Safari/537.36"
::1 - - [13/Nov/2020:15:24:57 +0000] "GET /bundle.js HTTP/1.1" 200 4048395 "http://localhost:1905/" "Mozilla/5.0 (X11; Linux x86_64) AppleWebKit/537.36 (KHTML, like Gecko) Chrome/85.0.4183.102 Safari/537.36"
::1 - - [13/Nov/2020:15:24:57 +0000] "GET /logoP5.png HTTP/1.1" 200 4055 "http://localhost:1905/" "Mozilla/5.0 (X11; Linux x86_64) AppleWebKit/537.36 (KHTML, like Gecko) Chrome/85.0.4183.102 Safari/537.36"
::1 - - [13/Nov/2020:15:24:57 +0000] "GET /api/products HTTP/1.1" 304 - "http://localhost:1905/" "Mozilla/5.0 (X11; Linux x86_64) AppleWebKit/537.36 (KHTML, like Gecko) Chrome/85.0.4183.102 Safari/537.36"
::1 - - [13/Nov/2020:15:24:57 +0000] "GET /api/users/me HTTP/1.1" 401 12 "http://localhost:1905/" "Mozilla/5.0 (X11; Linux x86_64) AppleWebKit/537.36 (KHTML, like Gecko) Chrome/85.0.4183.102 Safari/537.36"
::1 - - [13/Nov/2020:15:24:57 +0000] "GET /api/categories HTTP/1.1" 304 - "http://localhost:1905/" "Mozilla/5.0 (X11; Linux x86_64) AppleWebKit/537.36 (KHTML, like Gecko) Chrome/85.0.4183.102 Safari/537.36"
::1 - - [13/Nov/2020:15:24:57 +0000] "GET /logo.png HTTP/1.1" 200 2523 "http://localhost:1905/" "Mozilla/5.0 (X11; Linux x86_64) AppleWebKit/537.36 (KHTML, like Gecko) Chrome/85.0.4183.102 Safari/537.36"
::1 - - [13/Nov/2020:15:24:57 +0000] "GET /favicon.ico HTTP/1.1" 200 827 "http://localhost:1905/" "Mozilla/5.0 (X11; Linux x86_64) AppleWebKit/537.36 (KHTML, like Gecko) Chrome/85.0.4183.102 Safari/537.36"
::1 - - [13/Nov/2020:15:25:01 +0000] "GET /favicon.ico HTTP/1.1" 304 - "http://localhost:1905/mycart" "Mozilla/5.0 (X11; Linux x86_64) AppleWebKit/537.36 (KHTML, like Gecko) Chrome/85.0.4183.102 Safari/537.36"
::1 - - [13/Nov/2020:15:25:03 +0000] "GET /api/products HTTP/1.1" 304 - "http://localhost:1905/" "Mozilla/5.0 (X11; Linux x86_64) AppleWebKit/537.36 (KHTML, like Gecko) Chrome/85.0.4183.102 Safari/537.36"
::1 - - [13/Nov/2020:15:25:03 +0000] "GET /favicon.ico HTTP/1.1" 304 - "http://localhost:1905/" "Mozilla/5.0 (X11; Linux x86_64) AppleWebKit/537.36 (KHTML, like Gecko) Chrome/85.0.4183.102 Safari/537.36"
::1 - - [13/Nov/2020:15:25:17 +0000] "GET /favicon.ico HTTP/1.1" 304 - "http://localhost:1905/" "Mozilla/5.0 (X11; Linux x86_64) AppleWebKit/537.36 (KHTML, like Gecko) Chrome/85.0.4183.102 Safari/537.36"
::1 - - [13/Nov/2020:15:47:30 +0000] "GET / HTTP/1.1" 200 827 "-" "Mozilla/5.0 (X11; Linux x86_64) AppleWebKit/537.36 (KHTML, like Gecko) Chrome/85.0.4183.102 Safari/537.36"
::1 - - [13/Nov/2020:15:47:30 +0000] "GET /style.css HTTP/1.1" 200 279 "http://localhost:1905/" "Mozilla/5.0 (X11; Linux x86_64) AppleWebKit/537.36 (KHTML, like Gecko) Chrome/85.0.4183.102 Safari/537.36"
::1 - - [13/Nov/2020:15:47:30 +0000] "GET /bundle.js HTTP/1.1" 200 4048395 "http://localhost:1905/" "Mozilla/5.0 (X11; Linux x86_64) AppleWebKit/537.36 (KHTML, like Gecko) Chrome/85.0.4183.102 Safari/537.36"
::1 - - [13/Nov/2020:15:47:31 +0000] "GET /logo.png HTTP/1.1" 200 2523 "http://localhost:1905/" "Mozilla/5.0 (X11; Linux x86_64) AppleWebKit/537.36 (KHTML, like Gecko) Chrome/85.0.4183.102 Safari/537.36"
::1 - - [13/Nov/2020:15:47:31 +0000] "GET /logoP5.png HTTP/1.1" 200 4055 "http://localhost:1905/" "Mozilla/5.0 (X11; Linux x86_64) AppleWebKit/537.36 (KHTML, like Gecko) Chrome/85.0.4183.102 Safari/537.36"
::1 - - [13/Nov/2020:15:47:31 +0000] "GET /api/users/me HTTP/1.1" 401 12 "http://localhost:1905/" "Mozilla/5.0 (X11; Linux x86_64) AppleWebKit/537.36 (KHTML, like Gecko) Chrome/85.0.4183.102 Safari/537.36"
::1 - - [13/Nov/2020:15:47:31 +0000] "GET /api/products HTTP/1.1" 200 357 "http://localhost:1905/" "Mozilla/5.0 (X11; Linux x86_64) AppleWebKit/537.36 (KHTML, like Gecko) Chrome/85.0.4183.102 Safari/537.36"
::1 - - [13/Nov/2020:15:47:31 +0000] "GET /api/categories HTTP/1.1" 200 2 "http://localhost:1905/" "Mozilla/5.0 (X11; Linux x86_64) AppleWebKit/537.36 (KHTML, like Gecko) Chrome/85.0.4183.102 Safari/537.36"
::1 - - [13/Nov/2020:15:47:31 +0000] "GET /favicon.ico HTTP/1.1" 200 827 "http://localhost:1905/" "Mozilla/5.0 (X11; Linux x86_64) AppleWebKit/537.36 (KHTML, like Gecko) Chrome/85.0.4183.102 Safari/537.36"
::1 - - [13/Nov/2020:15:47:39 +0000] "GET /favicon.ico HTTP/1.1" 304 - "http://localhost:1905/register" "Mozilla/5.0 (X11; Linux x86_64) AppleWebKit/537.36 (KHTML, like Gecko) Chrome/85.0.4183.102 Safari/537.36"
::1 - - [13/Nov/2020:15:48:10 +0000] "POST /api/users HTTP/1.1" 200 319 "http://localhost:1905/register" "Mozilla/5.0 (X11; Linux x86_64) AppleWebKit/537.36 (KHTML, like Gecko) Chrome/85.0.4183.102 Safari/537.36"
::1 - - [13/Nov/2020:15:48:11 +0000] "GET /api/products HTTP/1.1" 304 - "http://localhost:1905/" "Mozilla/5.0 (X11; Linux x86_64) AppleWebKit/537.36 (KHTML, like Gecko) Chrome/85.0.4183.102 Safari/537.36"
::1 - - [13/Nov/2020:15:48:11 +0000] "GET /favicon.ico HTTP/1.1" 304 - "http://localhost:1905/" "Mozilla/5.0 (X11; Linux x86_64) AppleWebKit/537.36 (KHTML, like Gecko) Chrome/85.0.4183.102 Safari/537.36"
::1 - - [13/Nov/2020:15:48:13 +0000] "GET /favicon.ico HTTP/1.1" 304 - "http://localhost:1905/login" "Mozilla/5.0 (X11; Linux x86_64) AppleWebKit/537.36 (KHTML, like Gecko) Chrome/85.0.4183.102 Safari/537.36"
::1 - - [13/Nov/2020:15:48:24 +0000] "POST /api/users/login HTTP/1.1" 200 319 "http://localhost:1905/login" "Mozilla/5.0 (X11; Linux x86_64) AppleWebKit/537.36 (KHTML, like Gecko) Chrome/85.0.4183.102 Safari/537.36"
::1 - - [13/Nov/2020:15:48:24 +0000] "GET /api/carts/ HTTP/1.1" 200 2 "http://localhost:1905/login" "Mozilla/5.0 (X11; Linux x86_64) AppleWebKit/537.36 (KHTML, like Gecko) Chrome/85.0.4183.102 Safari/537.36"
::1 - - [13/Nov/2020:15:48:24 +0000] "GET /api/carts/current HTTP/1.1" 200 170 "http://localhost:1905/login" "Mozilla/5.0 (X11; Linux x86_64) AppleWebKit/537.36 (KHTML, like Gecko) Chrome/85.0.4183.102 Safari/537.36"
::1 - - [13/Nov/2020:15:48:24 +0000] "GET /api/products HTTP/1.1" 304 - "http://localhost:1905/" "Mozilla/5.0 (X11; Linux x86_64) AppleWebKit/537.36 (KHTML, like Gecko) Chrome/85.0.4183.102 Safari/537.36"
::1 - - [13/Nov/2020:15:48:24 +0000] "GET /favicon.ico HTTP/1.1" 304 - "http://localhost:1905/" "Mozilla/5.0 (X11; Linux x86_64) AppleWebKit/537.36 (KHTML, like Gecko) Chrome/85.0.4183.102 Safari/537.36"
::1 - - [13/Nov/2020:15:48:27 +0000] "GET /api/products/1 HTTP/1.1" 200 382 "http://localhost:1905/products/1" "Mozilla/5.0 (X11; Linux x86_64) AppleWebKit/537.36 (KHTML, like Gecko) Chrome/85.0.4183.102 Safari/537.36"
::1 - - [13/Nov/2020:15:48:27 +0000] "GET /api/products/1/comments HTTP/1.1" 200 883 "http://localhost:1905/products/1" "Mozilla/5.0 (X11; Linux x86_64) AppleWebKit/537.36 (KHTML, like Gecko) Chrome/85.0.4183.102 Safari/537.36"
::1 - - [13/Nov/2020:15:48:27 +0000] "GET /favicon.ico HTTP/1.1" 304 - "http://localhost:1905/products/1" "Mozilla/5.0 (X11; Linux x86_64) AppleWebKit/537.36 (KHTML, like Gecko) Chrome/85.0.4183.102 Safari/537.36"
::1 - - [13/Nov/2020:15:48:30 +0000] "POST /api/carts/orders HTTP/1.1" 201 495 "http://localhost:1905/products/1" "Mozilla/5.0 (X11; Linux x86_64) AppleWebKit/537.36 (KHTML, like Gecko) Chrome/85.0.4183.102 Safari/537.36"
::1 - - [13/Nov/2020:15:48:30 +0000] "GET /favicon.ico HTTP/1.1" 304 - "http://localhost:1905/mycart" "Mozilla/5.0 (X11; Linux x86_64) AppleWebKit/537.36 (KHTML, like Gecko) Chrome/85.0.4183.102 Safari/537.36"
::1 - - [13/Nov/2020:15:48:33 +0000] "PUT /api/carts/2 HTTP/1.1" 200 147 "http://localhost:1905/mycart" "Mozilla/5.0 (X11; Linux x86_64) AppleWebKit/537.36 (KHTML, like Gecko) Chrome/85.0.4183.102 Safari/537.36"
::1 - - [13/Nov/2020:15:48:33 +0000] "GET /api/products HTTP/1.1" 200 357 "http://localhost:1905/" "Mozilla/5.0 (X11; Linux x86_64) AppleWebKit/537.36 (KHTML, like Gecko) Chrome/85.0.4183.102 Safari/537.36"
::1 - - [13/Nov/2020:15:48:33 +0000] "GET /favicon.ico HTTP/1.1" 304 - "http://localhost:1905/" "Mozilla/5.0 (X11; Linux x86_64) AppleWebKit/537.36 (KHTML, like Gecko) Chrome/85.0.4183.102 Safari/537.36"
::1 - - [13/Nov/2020:15:48:33 +0000] "GET /api/carts/current HTTP/1.1" 200 170 "http://localhost:1905/" "Mozilla/5.0 (X11; Linux x86_64) AppleWebKit/537.36 (KHTML, like Gecko) Chrome/85.0.4183.102 Safari/537.36"
::1 - - [13/Nov/2020:15:57:55 +0000] "GET / HTTP/1.1" 304 - "-" "Mozilla/5.0 (X11; Linux x86_64) AppleWebKit/537.36 (KHTML, like Gecko) Chrome/85.0.4183.102 Safari/537.36"
::1 - - [13/Nov/2020:15:57:55 +0000] "GET /style.css HTTP/1.1" 304 - "http://localhost:1905/" "Mozilla/5.0 (X11; Linux x86_64) AppleWebKit/537.36 (KHTML, like Gecko) Chrome/85.0.4183.102 Safari/537.36"
::1 - - [13/Nov/2020:15:57:55 +0000] "GET /bundle.js HTTP/1.1" 200 4049275 "http://localhost:1905/" "Mozilla/5.0 (X11; Linux x86_64) AppleWebKit/537.36 (KHTML, like Gecko) Chrome/85.0.4183.102 Safari/537.36"
::1 - - [13/Nov/2020:15:57:58 +0000] "GET /logo.png HTTP/1.1" 304 - "http://localhost:1905/" "Mozilla/5.0 (X11; Linux x86_64) AppleWebKit/537.36 (KHTML, like Gecko) Chrome/85.0.4183.102 Safari/537.36"
::1 - - [13/Nov/2020:15:57:58 +0000] "GET /logoP5.png HTTP/1.1" 304 - "http://localhost:1905/" "Mozilla/5.0 (X11; Linux x86_64) AppleWebKit/537.36 (KHTML, like Gecko) Chrome/85.0.4183.102 Safari/537.36"
::1 - - [13/Nov/2020:15:57:58 +0000] "GET /api/users/me HTTP/1.1" 401 12 "http://localhost:1905/" "Mozilla/5.0 (X11; Linux x86_64) AppleWebKit/537.36 (KHTML, like Gecko) Chrome/85.0.4183.102 Safari/537.36"
::1 - - [13/Nov/2020:15:57:58 +0000] "GET /api/products HTTP/1.1" 200 357 "http://localhost:1905/" "Mozilla/5.0 (X11; Linux x86_64) AppleWebKit/537.36 (KHTML, like Gecko) Chrome/85.0.4183.102 Safari/537.36"
::1 - - [13/Nov/2020:15:57:58 +0000] "GET /api/categories HTTP/1.1" 304 - "http://localhost:1905/" "Mozilla/5.0 (X11; Linux x86_64) AppleWebKit/537.36 (KHTML, like Gecko) Chrome/85.0.4183.102 Safari/537.36"
::1 - - [13/Nov/2020:15:57:58 +0000] "GET /favicon.ico HTTP/1.1" 304 - "http://localhost:1905/" "Mozilla/5.0 (X11; Linux x86_64) AppleWebKit/537.36 (KHTML, like Gecko) Chrome/85.0.4183.102 Safari/537.36"
::1 - - [13/Nov/2020:15:57:59 +0000] "GET /favicon.ico HTTP/1.1" 304 - "http://localhost:1905/login" "Mozilla/5.0 (X11; Linux x86_64) AppleWebKit/537.36 (KHTML, like Gecko) Chrome/85.0.4183.102 Safari/537.36"
::1 - - [13/Nov/2020:15:58:08 +0000] "POST /api/users/login HTTP/1.1" 200 319 "http://localhost:1905/login" "Mozilla/5.0 (X11; Linux x86_64) AppleWebKit/537.36 (KHTML, like Gecko) Chrome/85.0.4183.102 Safari/537.36"
::1 - - [13/Nov/2020:15:58:08 +0000] "GET /api/carts/current HTTP/1.1" 200 170 "http://localhost:1905/login" "Mozilla/5.0 (X11; Linux x86_64) AppleWebKit/537.36 (KHTML, like Gecko) Chrome/85.0.4183.102 Safari/537.36"
::1 - - [13/Nov/2020:15:58:08 +0000] "GET /api/carts/ HTTP/1.1" 200 149 "http://localhost:1905/login" "Mozilla/5.0 (X11; Linux x86_64) AppleWebKit/537.36 (KHTML, like Gecko) Chrome/85.0.4183.102 Safari/537.36"
::1 - - [13/Nov/2020:15:58:08 +0000] "GET /api/products HTTP/1.1" 304 - "http://localhost:1905/" "Mozilla/5.0 (X11; Linux x86_64) AppleWebKit/537.36 (KHTML, like Gecko) Chrome/85.0.4183.102 Safari/537.36"
::1 - - [13/Nov/2020:15:58:08 +0000] "GET /favicon.ico HTTP/1.1" 304 - "http://localhost:1905/" "Mozilla/5.0 (X11; Linux x86_64) AppleWebKit/537.36 (KHTML, like Gecko) Chrome/85.0.4183.102 Safari/537.36"
::1 - - [13/Nov/2020:15:58:10 +0000] "GET /api/products/1 HTTP/1.1" 200 382 "http://localhost:1905/products/1" "Mozilla/5.0 (X11; Linux x86_64) AppleWebKit/537.36 (KHTML, like Gecko) Chrome/85.0.4183.102 Safari/537.36"
::1 - - [13/Nov/2020:15:58:10 +0000] "GET /api/products/1/comments HTTP/1.1" 304 - "http://localhost:1905/products/1" "Mozilla/5.0 (X11; Linux x86_64) AppleWebKit/537.36 (KHTML, like Gecko) Chrome/85.0.4183.102 Safari/537.36"
::1 - - [13/Nov/2020:15:58:10 +0000] "GET /favicon.ico HTTP/1.1" 304 - "http://localhost:1905/products/1" "Mozilla/5.0 (X11; Linux x86_64) AppleWebKit/537.36 (KHTML, like Gecko) Chrome/85.0.4183.102 Safari/537.36"
::1 - - [13/Nov/2020:15:58:13 +0000] "POST /api/carts/orders HTTP/1.1" 201 495 "http://localhost:1905/products/1" "Mozilla/5.0 (X11; Linux x86_64) AppleWebKit/537.36 (KHTML, like Gecko) Chrome/85.0.4183.102 Safari/537.36"
::1 - - [13/Nov/2020:15:58:14 +0000] "GET /favicon.ico HTTP/1.1" 304 - "http://localhost:1905/mycart" "Mozilla/5.0 (X11; Linux x86_64) AppleWebKit/537.36 (KHTML, like Gecko) Chrome/85.0.4183.102 Safari/537.36"
::1 - - [13/Nov/2020:15:58:16 +0000] "PUT /api/carts/3 HTTP/1.1" 200 154 "http://localhost:1905/mycart" "Mozilla/5.0 (X11; Linux x86_64) AppleWebKit/537.36 (KHTML, like Gecko) Chrome/85.0.4183.102 Safari/537.36"
::1 - - [13/Nov/2020:15:58:16 +0000] "GET /api/products HTTP/1.1" 200 357 "http://localhost:1905/" "Mozilla/5.0 (X11; Linux x86_64) AppleWebKit/537.36 (KHTML, like Gecko) Chrome/85.0.4183.102 Safari/537.36"
::1 - - [13/Nov/2020:15:58:16 +0000] "GET /api/carts/current HTTP/1.1" 200 170 "http://localhost:1905/" "Mozilla/5.0 (X11; Linux x86_64) AppleWebKit/537.36 (KHTML, like Gecko) Chrome/85.0.4183.102 Safari/537.36"
::1 - - [13/Nov/2020:15:58:16 +0000] "GET /favicon.ico HTTP/1.1" 304 - "http://localhost:1905/" "Mozilla/5.0 (X11; Linux x86_64) AppleWebKit/537.36 (KHTML, like Gecko) Chrome/85.0.4183.102 Safari/537.36"
::1 - - [13/Nov/2020:15:58:42 +0000] "GET /api/products/1 HTTP/1.1" 200 382 "http://localhost:1905/products/1" "Mozilla/5.0 (X11; Linux x86_64) AppleWebKit/537.36 (KHTML, like Gecko) Chrome/85.0.4183.102 Safari/537.36"
::1 - - [13/Nov/2020:15:58:42 +0000] "GET /api/products/1/comments HTTP/1.1" 304 - "http://localhost:1905/products/1" "Mozilla/5.0 (X11; Linux x86_64) AppleWebKit/537.36 (KHTML, like Gecko) Chrome/85.0.4183.102 Safari/537.36"
::1 - - [13/Nov/2020:15:58:42 +0000] "GET /favicon.ico HTTP/1.1" 304 - "http://localhost:1905/products/1" "Mozilla/5.0 (X11; Linux x86_64) AppleWebKit/537.36 (KHTML, like Gecko) Chrome/85.0.4183.102 Safari/537.36"
::1 - - [13/Nov/2020:15:59:53 +0000] "GET /favicon.ico HTTP/1.1" 304 - "http://localhost:1905/mycart" "Mozilla/5.0 (X11; Linux x86_64) AppleWebKit/537.36 (KHTML, like Gecko) Chrome/85.0.4183.102 Safari/537.36"
::1 - - [13/Nov/2020:15:59:57 +0000] "GET /favicon.ico HTTP/1.1" 304 - "http://localhost:1905/mycarts" "Mozilla/5.0 (X11; Linux x86_64) AppleWebKit/537.36 (KHTML, like Gecko) Chrome/85.0.4183.102 Safari/537.36"
::1 - - [13/Nov/2020:16:00:08 +0000] "GET /api/carts/3 HTTP/1.1" 200 673 "http://localhost:1905/mycarts/3" "Mozilla/5.0 (X11; Linux x86_64) AppleWebKit/537.36 (KHTML, like Gecko) Chrome/85.0.4183.102 Safari/537.36"
::1 - - [13/Nov/2020:16:00:08 +0000] "GET /favicon.ico HTTP/1.1" 304 - "http://localhost:1905/mycarts/3" "Mozilla/5.0 (X11; Linux x86_64) AppleWebKit/537.36 (KHTML, like Gecko) Chrome/85.0.4183.102 Safari/537.36"
::1 - - [13/Nov/2020:16:00:58 +0000] "GET /favicon.ico HTTP/1.1" 304 - "http://localhost:1905/mycarts" "Mozilla/5.0 (X11; Linux x86_64) AppleWebKit/537.36 (KHTML, like Gecko) Chrome/85.0.4183.102 Safari/537.36"
::1 - - [13/Nov/2020:16:01:01 +0000] "GET /api/carts/3 HTTP/1.1" 304 - "http://localhost:1905/mycarts/3" "Mozilla/5.0 (X11; Linux x86_64) AppleWebKit/537.36 (KHTML, like Gecko) Chrome/85.0.4183.102 Safari/537.36"
::1 - - [13/Nov/2020:16:01:01 +0000] "GET /favicon.ico HTTP/1.1" 304 - "http://localhost:1905/mycarts/3" "Mozilla/5.0 (X11; Linux x86_64) AppleWebKit/537.36 (KHTML, like Gecko) Chrome/85.0.4183.102 Safari/537.36"
::1 - - [13/Nov/2020:16:05:25 +0000] "GET /api/products HTTP/1.1" 304 - "http://localhost:1905/" "Mozilla/5.0 (X11; Linux x86_64) AppleWebKit/537.36 (KHTML, like Gecko) Chrome/85.0.4183.102 Safari/537.36"
::1 - - [13/Nov/2020:16:05:25 +0000] "GET /favicon.ico HTTP/1.1" 304 - "http://localhost:1905/" "Mozilla/5.0 (X11; Linux x86_64) AppleWebKit/537.36 (KHTML, like Gecko) Chrome/85.0.4183.102 Safari/537.36"
::1 - - [28/Nov/2020:20:39:49 +0000] "GET / HTTP/1.1" 200 827 "-" "Mozilla/5.0 (X11; Linux x86_64) AppleWebKit/537.36 (KHTML, like Gecko) Chrome/85.0.4183.102 Safari/537.36"
::1 - - [28/Nov/2020:20:39:49 +0000] "GET /bundle.js HTTP/1.1" 200 4049275 "http://localhost:1905/" "Mozilla/5.0 (X11; Linux x86_64) AppleWebKit/537.36 (KHTML, like Gecko) Chrome/85.0.4183.102 Safari/537.36"
::1 - - [28/Nov/2020:20:39:49 +0000] "GET /style.css HTTP/1.1" 200 279 "http://localhost:1905/" "Mozilla/5.0 (X11; Linux x86_64) AppleWebKit/537.36 (KHTML, like Gecko) Chrome/85.0.4183.102 Safari/537.36"
::1 - - [28/Nov/2020:20:39:50 +0000] "GET /logo.png HTTP/1.1" 200 2523 "http://localhost:1905/" "Mozilla/5.0 (X11; Linux x86_64) AppleWebKit/537.36 (KHTML, like Gecko) Chrome/85.0.4183.102 Safari/537.36"
::1 - - [28/Nov/2020:20:39:50 +0000] "GET /api/users/me HTTP/1.1" 401 12 "http://localhost:1905/" "Mozilla/5.0 (X11; Linux x86_64) AppleWebKit/537.36 (KHTML, like Gecko) Chrome/85.0.4183.102 Safari/537.36"
::1 - - [28/Nov/2020:20:39:50 +0000] "GET /logoP5.png HTTP/1.1" 200 4055 "http://localhost:1905/" "Mozilla/5.0 (X11; Linux x86_64) AppleWebKit/537.36 (KHTML, like Gecko) Chrome/85.0.4183.102 Safari/537.36"
::1 - - [28/Nov/2020:20:39:50 +0000] "GET /api/categories HTTP/1.1" 200 2 "http://localhost:1905/" "Mozilla/5.0 (X11; Linux x86_64) AppleWebKit/537.36 (KHTML, like Gecko) Chrome/85.0.4183.102 Safari/537.36"
::1 - - [28/Nov/2020:20:39:50 +0000] "GET /api/products HTTP/1.1" 200 357 "http://localhost:1905/" "Mozilla/5.0 (X11; Linux x86_64) AppleWebKit/537.36 (KHTML, like Gecko) Chrome/85.0.4183.102 Safari/537.36"
::1 - - [28/Nov/2020:20:39:51 +0000] "GET /favicon.ico HTTP/1.1" 200 827 "http://localhost:1905/" "Mozilla/5.0 (X11; Linux x86_64) AppleWebKit/537.36 (KHTML, like Gecko) Chrome/85.0.4183.102 Safari/537.36"
::1 - - [28/Nov/2020:20:39:56 +0000] "GET /favicon.ico HTTP/1.1" 304 - "http://localhost:1905/products/1" "Mozilla/5.0 (X11; Linux x86_64) AppleWebKit/537.36 (KHTML, like Gecko) Chrome/85.0.4183.102 Safari/537.36"
::1 - - [28/Nov/2020:20:39:56 +0000] "GET /api/products/1 HTTP/1.1" 200 382 "http://localhost:1905/products/1" "Mozilla/5.0 (X11; Linux x86_64) AppleWebKit/537.36 (KHTML, like Gecko) Chrome/85.0.4183.102 Safari/537.36"
::1 - - [28/Nov/2020:20:39:56 +0000] "GET /api/products/1/comments HTTP/1.1" 200 883 "http://localhost:1905/products/1" "Mozilla/5.0 (X11; Linux x86_64) AppleWebKit/537.36 (KHTML, like Gecko) Chrome/85.0.4183.102 Safari/537.36"
::1 - - [28/Nov/2020:20:39:58 +0000] "GET /api/products HTTP/1.1" 304 - "http://localhost:1905/" "Mozilla/5.0 (X11; Linux x86_64) AppleWebKit/537.36 (KHTML, like Gecko) Chrome/85.0.4183.102 Safari/537.36"
::1 - - [28/Nov/2020:20:39:58 +0000] "GET /favicon.ico HTTP/1.1" 304 - "http://localhost:1905/" "Mozilla/5.0 (X11; Linux x86_64) AppleWebKit/537.36 (KHTML, like Gecko) Chrome/85.0.4183.102 Safari/537.36"
::1 - - [28/Nov/2020:20:46:33 +0000] "GET /favicon.ico HTTP/1.1" 304 - "http://localhost:1905/mycart" "Mozilla/5.0 (X11; Linux x86_64) AppleWebKit/537.36 (KHTML, like Gecko) Chrome/85.0.4183.102 Safari/537.36"
::1 - - [28/Nov/2020:20:46:36 +0000] "GET /api/products HTTP/1.1" 304 - "http://localhost:1905/" "Mozilla/5.0 (X11; Linux x86_64) AppleWebKit/537.36 (KHTML, like Gecko) Chrome/85.0.4183.102 Safari/537.36"
::1 - - [28/Nov/2020:20:46:36 +0000] "GET /favicon.ico HTTP/1.1" 304 - "http://localhost:1905/" "Mozilla/5.0 (X11; Linux x86_64) AppleWebKit/537.36 (KHTML, like Gecko) Chrome/85.0.4183.102 Safari/537.36"
::1 - - [28/Nov/2020:20:46:37 +0000] "GET /api/products/1 HTTP/1.1" 304 - "http://localhost:1905/products/1" "Mozilla/5.0 (X11; Linux x86_64) AppleWebKit/537.36 (KHTML, like Gecko) Chrome/85.0.4183.102 Safari/537.36"
::1 - - [28/Nov/2020:20:46:37 +0000] "GET /api/products/1/comments HTTP/1.1" 304 - "http://localhost:1905/products/1" "Mozilla/5.0 (X11; Linux x86_64) AppleWebKit/537.36 (KHTML, like Gecko) Chrome/85.0.4183.102 Safari/537.36"
::1 - - [28/Nov/2020:20:46:37 +0000] "GET /favicon.ico HTTP/1.1" 304 - "http://localhost:1905/products/1" "Mozilla/5.0 (X11; Linux x86_64) AppleWebKit/537.36 (KHTML, like Gecko) Chrome/85.0.4183.102 Safari/537.36"
::1 - - [28/Nov/2020:20:46:44 +0000] "GET /api/products HTTP/1.1" 304 - "http://localhost:1905/" "Mozilla/5.0 (X11; Linux x86_64) AppleWebKit/537.36 (KHTML, like Gecko) Chrome/85.0.4183.102 Safari/537.36"
::1 - - [28/Nov/2020:20:46:44 +0000] "GET /favicon.ico HTTP/1.1" 304 - "http://localhost:1905/" "Mozilla/5.0 (X11; Linux x86_64) AppleWebKit/537.36 (KHTML, like Gecko) Chrome/85.0.4183.102 Safari/537.36"
::1 - - [28/Nov/2020:20:48:05 +0000] "GET /favicon.ico HTTP/1.1" 304 - "http://localhost:1905/register" "Mozilla/5.0 (X11; Linux x86_64) AppleWebKit/537.36 (KHTML, like Gecko) Chrome/85.0.4183.102 Safari/537.36"
::1 - - [28/Nov/2020:20:48:30 +0000] "GET /style.css HTTP/1.1" 304 - "http://localhost:1905/register" "Mozilla/5.0 (X11; Linux x86_64) AppleWebKit/537.36 (KHTML, like Gecko) Chrome/85.0.4183.102 Safari/537.36"
::1 - - [28/Nov/2020:20:48:30 +0000] "GET /bundle.js.map HTTP/1.1" 200 3574696 "-" "Mozilla/5.0 (X11; Linux x86_64) AppleWebKit/537.36 (KHTML, like Gecko) Chrome/85.0.4183.102 Safari/537.36"
::1 - - [28/Nov/2020:20:48:31 +0000] "POST /api/users HTTP/1.1" 200 280 "http://localhost:1905/register" "Mozilla/5.0 (X11; Linux x86_64) AppleWebKit/537.36 (KHTML, like Gecko) Chrome/85.0.4183.102 Safari/537.36"
::1 - - [28/Nov/2020:20:48:31 +0000] "GET /api/products HTTP/1.1" 304 - "http://localhost:1905/" "Mozilla/5.0 (X11; Linux x86_64) AppleWebKit/537.36 (KHTML, like Gecko) Chrome/85.0.4183.102 Safari/537.36"
::1 - - [28/Nov/2020:20:48:31 +0000] "GET /favicon.ico HTTP/1.1" 304 - "http://localhost:1905/" "Mozilla/5.0 (X11; Linux x86_64) AppleWebKit/537.36 (KHTML, like Gecko) Chrome/85.0.4183.102 Safari/537.36"
::1 - - [28/Nov/2020:20:48:35 +0000] "GET /favicon.ico HTTP/1.1" 304 - "http://localhost:1905/login" "Mozilla/5.0 (X11; Linux x86_64) AppleWebKit/537.36 (KHTML, like Gecko) Chrome/85.0.4183.102 Safari/537.36"
::1 - - [28/Nov/2020:20:48:47 +0000] "POST /api/users/login HTTP/1.1" 200 280 "http://localhost:1905/login" "Mozilla/5.0 (X11; Linux x86_64) AppleWebKit/537.36 (KHTML, like Gecko) Chrome/85.0.4183.102 Safari/537.36"
::1 - - [28/Nov/2020:20:48:47 +0000] "GET /api/carts/ HTTP/1.1" 200 2 "http://localhost:1905/login" "Mozilla/5.0 (X11; Linux x86_64) AppleWebKit/537.36 (KHTML, like Gecko) Chrome/85.0.4183.102 Safari/537.36"
::1 - - [28/Nov/2020:20:48:47 +0000] "GET /api/carts/current HTTP/1.1" 200 170 "http://localhost:1905/login" "Mozilla/5.0 (X11; Linux x86_64) AppleWebKit/537.36 (KHTML, like Gecko) Chrome/85.0.4183.102 Safari/537.36"
::1 - - [28/Nov/2020:20:48:47 +0000] "GET /api/products HTTP/1.1" 304 - "http://localhost:1905/" "Mozilla/5.0 (X11; Linux x86_64) AppleWebKit/537.36 (KHTML, like Gecko) Chrome/85.0.4183.102 Safari/537.36"
::1 - - [28/Nov/2020:20:48:47 +0000] "GET /favicon.ico HTTP/1.1" 304 - "http://localhost:1905/" "Mozilla/5.0 (X11; Linux x86_64) AppleWebKit/537.36 (KHTML, like Gecko) Chrome/85.0.4183.102 Safari/537.36"
::1 - - [28/Nov/2020:20:48:51 +0000] "GET /api/products/1 HTTP/1.1" 304 - "http://localhost:1905/products/1" "Mozilla/5.0 (X11; Linux x86_64) AppleWebKit/537.36 (KHTML, like Gecko) Chrome/85.0.4183.102 Safari/537.36"
::1 - - [28/Nov/2020:20:48:51 +0000] "GET /api/products/1/comments HTTP/1.1" 304 - "http://localhost:1905/products/1" "Mozilla/5.0 (X11; Linux x86_64) AppleWebKit/537.36 (KHTML, like Gecko) Chrome/85.0.4183.102 Safari/537.36"
::1 - - [28/Nov/2020:20:48:51 +0000] "GET /favicon.ico HTTP/1.1" 304 - "http://localhost:1905/products/1" "Mozilla/5.0 (X11; Linux x86_64) AppleWebKit/537.36 (KHTML, like Gecko) Chrome/85.0.4183.102 Safari/537.36"
::1 - - [28/Nov/2020:20:48:54 +0000] "POST /api/carts/orders HTTP/1.1" 201 495 "http://localhost:1905/products/1" "Mozilla/5.0 (X11; Linux x86_64) AppleWebKit/537.36 (KHTML, like Gecko) Chrome/85.0.4183.102 Safari/537.36"
::1 - - [28/Nov/2020:20:48:55 +0000] "GET /favicon.ico HTTP/1.1" 304 - "http://localhost:1905/mycart" "Mozilla/5.0 (X11; Linux x86_64) AppleWebKit/537.36 (KHTML, like Gecko) Chrome/85.0.4183.102 Safari/537.36"
::1 - - [28/Nov/2020:20:48:58 +0000] "PUT /api/carts/5 HTTP/1.1" 200 154 "http://localhost:1905/mycart" "Mozilla/5.0 (X11; Linux x86_64) AppleWebKit/537.36 (KHTML, like Gecko) Chrome/85.0.4183.102 Safari/537.36"
::1 - - [28/Nov/2020:20:48:58 +0000] "GET /api/products HTTP/1.1" 200 357 "http://localhost:1905/" "Mozilla/5.0 (X11; Linux x86_64) AppleWebKit/537.36 (KHTML, like Gecko) Chrome/85.0.4183.102 Safari/537.36"
::1 - - [28/Nov/2020:20:48:58 +0000] "GET /api/carts/current HTTP/1.1" 200 170 "http://localhost:1905/" "Mozilla/5.0 (X11; Linux x86_64) AppleWebKit/537.36 (KHTML, like Gecko) Chrome/85.0.4183.102 Safari/537.36"
::1 - - [28/Nov/2020:20:48:58 +0000] "GET /favicon.ico HTTP/1.1" 304 - "http://localhost:1905/" "Mozilla/5.0 (X11; Linux x86_64) AppleWebKit/537.36 (KHTML, like Gecko) Chrome/85.0.4183.102 Safari/537.36"
::1 - - [28/Nov/2020:20:49:01 +0000] "GET /favicon.ico HTTP/1.1" 304 - "http://localhost:1905/mycarts" "Mozilla/5.0 (X11; Linux x86_64) AppleWebKit/537.36 (KHTML, like Gecko) Chrome/85.0.4183.102 Safari/537.36"
::1 - - [28/Nov/2020:20:49:03 +0000] "GET /api/carts/5 HTTP/1.1" 200 673 "http://localhost:1905/mycarts/5" "Mozilla/5.0 (X11; Linux x86_64) AppleWebKit/537.36 (KHTML, like Gecko) Chrome/85.0.4183.102 Safari/537.36"
::1 - - [28/Nov/2020:20:49:03 +0000] "GET /favicon.ico HTTP/1.1" 304 - "http://localhost:1905/mycarts/5" "Mozilla/5.0 (X11; Linux x86_64) AppleWebKit/537.36 (KHTML, like Gecko) Chrome/85.0.4183.102 Safari/537.36"
::1 - - [28/Nov/2020:20:49:06 +0000] "GET /api/products HTTP/1.1" 304 - "http://localhost:1905/" "Mozilla/5.0 (X11; Linux x86_64) AppleWebKit/537.36 (KHTML, like Gecko) Chrome/85.0.4183.102 Safari/537.36"
::1 - - [28/Nov/2020:20:49:06 +0000] "GET /favicon.ico HTTP/1.1" 304 - "http://localhost:1905/" "Mozilla/5.0 (X11; Linux x86_64) AppleWebKit/537.36 (KHTML, like Gecko) Chrome/85.0.4183.102 Safari/537.36"
::1 - - [28/Nov/2020:20:49:18 +0000] "GET /admin HTTP/1.1" 200 827 "-" "Mozilla/5.0 (X11; Linux x86_64) AppleWebKit/537.36 (KHTML, like Gecko) Chrome/85.0.4183.102 Safari/537.36"
::1 - - [28/Nov/2020:20:49:18 +0000] "GET /style.css HTTP/1.1" 304 - "http://localhost:1905/admin" "Mozilla/5.0 (X11; Linux x86_64) AppleWebKit/537.36 (KHTML, like Gecko) Chrome/85.0.4183.102 Safari/537.36"
::1 - - [28/Nov/2020:20:49:18 +0000] "GET /bundle.js HTTP/1.1" 200 4049292 "http://localhost:1905/admin" "Mozilla/5.0 (X11; Linux x86_64) AppleWebKit/537.36 (KHTML, like Gecko) Chrome/85.0.4183.102 Safari/537.36"
::1 - - [28/Nov/2020:20:49:18 +0000] "GET /logo.png HTTP/1.1" 304 - "http://localhost:1905/admin" "Mozilla/5.0 (X11; Linux x86_64) AppleWebKit/537.36 (KHTML, like Gecko) Chrome/85.0.4183.102 Safari/537.36"
::1 - - [28/Nov/2020:20:49:18 +0000] "GET /logoP5.png HTTP/1.1" 304 - "http://localhost:1905/admin" "Mozilla/5.0 (X11; Linux x86_64) AppleWebKit/537.36 (KHTML, like Gecko) Chrome/85.0.4183.102 Safari/537.36"
::1 - - [28/Nov/2020:20:49:18 +0000] "GET /bundle.js.map HTTP/1.1" 304 - "-" "Mozilla/5.0 (X11; Linux x86_64) AppleWebKit/537.36 (KHTML, like Gecko) Chrome/85.0.4183.102 Safari/537.36"
::1 - - [28/Nov/2020:20:49:18 +0000] "GET /api/users/me HTTP/1.1" 200 280 "http://localhost:1905/admin" "Mozilla/5.0 (X11; Linux x86_64) AppleWebKit/537.36 (KHTML, like Gecko) Chrome/85.0.4183.102 Safari/537.36"
::1 - - [28/Nov/2020:20:49:18 +0000] "GET /favicon.ico HTTP/1.1" 304 - "http://localhost:1905/admin" "Mozilla/5.0 (X11; Linux x86_64) AppleWebKit/537.36 (KHTML, like Gecko) Chrome/85.0.4183.102 Safari/537.36"
::1 - - [28/Nov/2020:20:49:35 +0000] "POST /api/users/login HTTP/1.1" 200 280 "http://localhost:1905/admin" "Mozilla/5.0 (X11; Linux x86_64) AppleWebKit/537.36 (KHTML, like Gecko) Chrome/85.0.4183.102 Safari/537.36"
::1 - - [28/Nov/2020:20:49:42 +0000] "POST /api/users/logout HTTP/1.1" 200 2 "http://localhost:1905/admin" "Mozilla/5.0 (X11; Linux x86_64) AppleWebKit/537.36 (KHTML, like Gecko) Chrome/85.0.4183.102 Safari/537.36"
::1 - - [28/Nov/2020:20:49:42 +0000] "GET /favicon.ico HTTP/1.1" 304 - "http://localhost:1905/admin" "Mozilla/5.0 (X11; Linux x86_64) AppleWebKit/537.36 (KHTML, like Gecko) Chrome/85.0.4183.102 Safari/537.36"
::1 - - [28/Nov/2020:20:49:43 +0000] "GET /api/products HTTP/1.1" 304 - "http://localhost:1905/" "Mozilla/5.0 (X11; Linux x86_64) AppleWebKit/537.36 (KHTML, like Gecko) Chrome/85.0.4183.102 Safari/537.36"
::1 - - [28/Nov/2020:20:49:43 +0000] "GET /api/users/me HTTP/1.1" 304 - "http://localhost:1905/" "Mozilla/5.0 (X11; Linux x86_64) AppleWebKit/537.36 (KHTML, like Gecko) Chrome/85.0.4183.102 Safari/537.36"
::1 - - [28/Nov/2020:20:49:43 +0000] "GET /api/categories HTTP/1.1" 304 - "http://localhost:1905/" "Mozilla/5.0 (X11; Linux x86_64) AppleWebKit/537.36 (KHTML, like Gecko) Chrome/85.0.4183.102 Safari/537.36"
::1 - - [28/Nov/2020:20:49:43 +0000] "GET /favicon.ico HTTP/1.1" 304 - "http://localhost:1905/" "Mozilla/5.0 (X11; Linux x86_64) AppleWebKit/537.36 (KHTML, like Gecko) Chrome/85.0.4183.102 Safari/537.36"
::1 - - [28/Nov/2020:20:49:43 +0000] "GET /api/carts/current HTTP/1.1" 200 170 "http://localhost:1905/" "Mozilla/5.0 (X11; Linux x86_64) AppleWebKit/537.36 (KHTML, like Gecko) Chrome/85.0.4183.102 Safari/537.36"
::1 - - [28/Nov/2020:20:49:43 +0000] "GET /api/carts/ HTTP/1.1" 200 152 "http://localhost:1905/" "Mozilla/5.0 (X11; Linux x86_64) AppleWebKit/537.36 (KHTML, like Gecko) Chrome/85.0.4183.102 Safari/537.36"
::1 - - [28/Nov/2020:20:49:49 +0000] "POST /api/users/logout HTTP/1.1" 200 2 "http://localhost:1905/" "Mozilla/5.0 (X11; Linux x86_64) AppleWebKit/537.36 (KHTML, like Gecko) Chrome/85.0.4183.102 Safari/537.36"
::1 - - [28/Nov/2020:20:52:47 +0000] "GET /users HTTP/1.1" 200 827 "-" "PostmanRuntime/7.26.8"
::1 - - [28/Nov/2020:20:53:20 +0000] "GET /users HTTP/1.1" 200 827 "-" "PostmanRuntime/7.26.8"
::1 - - [28/Nov/2020:20:53:34 +0000] "GET /api/users HTTP/1.1" 200 1212 "-" "PostmanRuntime/7.26.8"
::1 - - [28/Nov/2020:20:53:52 +0000] "GET /favicon.ico HTTP/1.1" 304 - "http://localhost:1905/login" "Mozilla/5.0 (X11; Linux x86_64) AppleWebKit/537.36 (KHTML, like Gecko) Chrome/85.0.4183.102 Safari/537.36"
::1 - - [28/Nov/2020:20:54:08 +0000] "POST /api/users/login HTTP/1.1" 401 - "http://localhost:1905/login" "Mozilla/5.0 (X11; Linux x86_64) AppleWebKit/537.36 (KHTML, like Gecko) Chrome/85.0.4183.102 Safari/537.36"
::1 - - [28/Nov/2020:20:54:10 +0000] "GET /style.css HTTP/1.1" 304 - "http://localhost:1905/login" "Mozilla/5.0 (X11; Linux x86_64) AppleWebKit/537.36 (KHTML, like Gecko) Chrome/85.0.4183.102 Safari/537.36"
::1 - - [28/Nov/2020:20:54:10 +0000] "GET /bundle.js.map HTTP/1.1" 304 - "-" "Mozilla/5.0 (X11; Linux x86_64) AppleWebKit/537.36 (KHTML, like Gecko) Chrome/85.0.4183.102 Safari/537.36"
::1 - - [28/Nov/2020:20:54:20 +0000] "POST /api/users/login HTTP/1.1" 200 304 "http://localhost:1905/login" "Mozilla/5.0 (X11; Linux x86_64) AppleWebKit/537.36 (KHTML, like Gecko) Chrome/85.0.4183.102 Safari/537.36"
::1 - - [28/Nov/2020:20:54:20 +0000] "GET /api/carts/current HTTP/1.1" 200 170 "http://localhost:1905/login" "Mozilla/5.0 (X11; Linux x86_64) AppleWebKit/537.36 (KHTML, like Gecko) Chrome/85.0.4183.102 Safari/537.36"
::1 - - [28/Nov/2020:20:54:20 +0000] "GET /api/carts/ HTTP/1.1" 200 2 "http://localhost:1905/login" "Mozilla/5.0 (X11; Linux x86_64) AppleWebKit/537.36 (KHTML, like Gecko) Chrome/85.0.4183.102 Safari/537.36"
::1 - - [28/Nov/2020:20:54:20 +0000] "GET /api/products HTTP/1.1" 304 - "http://localhost:1905/" "Mozilla/5.0 (X11; Linux x86_64) AppleWebKit/537.36 (KHTML, like Gecko) Chrome/85.0.4183.102 Safari/537.36"
::1 - - [28/Nov/2020:20:54:20 +0000] "GET /favicon.ico HTTP/1.1" 304 - "http://localhost:1905/" "Mozilla/5.0 (X11; Linux x86_64) AppleWebKit/537.36 (KHTML, like Gecko) Chrome/85.0.4183.102 Safari/537.36"
::1 - - [28/Nov/2020:20:54:26 +0000] "GET /api/users/me HTTP/1.1" 200 304 "http://localhost:1905/admin" "Mozilla/5.0 (X11; Linux x86_64) AppleWebKit/537.36 (KHTML, like Gecko) Chrome/85.0.4183.102 Safari/537.36"
::1 - - [28/Nov/2020:20:54:26 +0000] "GET /favicon.ico HTTP/1.1" 304 - "http://localhost:1905/admin" "Mozilla/5.0 (X11; Linux x86_64) AppleWebKit/537.36 (KHTML, like Gecko) Chrome/85.0.4183.102 Safari/537.36"
::1 - - [28/Nov/2020:20:54:29 +0000] "GET /api/products HTTP/1.1" 304 - "http://localhost:1905/admin/products" "Mozilla/5.0 (X11; Linux x86_64) AppleWebKit/537.36 (KHTML, like Gecko) Chrome/85.0.4183.102 Safari/537.36"
::1 - - [28/Nov/2020:20:54:29 +0000] "GET /favicon.ico HTTP/1.1" 304 - "http://localhost:1905/admin/products" "Mozilla/5.0 (X11; Linux x86_64) AppleWebKit/537.36 (KHTML, like Gecko) Chrome/85.0.4183.102 Safari/537.36"
::1 - - [28/Nov/2020:20:54:31 +0000] "GET /api/categories HTTP/1.1" 304 - "http://localhost:1905/admin/products/add" "Mozilla/5.0 (X11; Linux x86_64) AppleWebKit/537.36 (KHTML, like Gecko) Chrome/85.0.4183.102 Safari/537.36"
::1 - - [28/Nov/2020:20:54:31 +0000] "GET /favicon.ico HTTP/1.1" 304 - "http://localhost:1905/admin/products/add" "Mozilla/5.0 (X11; Linux x86_64) AppleWebKit/537.36 (KHTML, like Gecko) Chrome/85.0.4183.102 Safari/537.36"
::1 - - [28/Nov/2020:20:55:41 +0000] "POST /api/products HTTP/1.1" 201 191 "http://localhost:1905/admin/products/add" "Mozilla/5.0 (X11; Linux x86_64) AppleWebKit/537.36 (KHTML, like Gecko) Chrome/85.0.4183.102 Safari/537.36"
::1 - - [28/Nov/2020:20:55:41 +0000] "GET /favicon.ico HTTP/1.1" 304 - "http://localhost:1905/admin/products" "Mozilla/5.0 (X11; Linux x86_64) AppleWebKit/537.36 (KHTML, like Gecko) Chrome/85.0.4183.102 Safari/537.36"
::1 - - [28/Nov/2020:20:55:41 +0000] "GET /api/products HTTP/1.1" 200 561 "http://localhost:1905/admin/products" "Mozilla/5.0 (X11; Linux x86_64) AppleWebKit/537.36 (KHTML, like Gecko) Chrome/85.0.4183.102 Safari/537.36"
::1 - - [28/Nov/2020:20:55:41 +0000] "POST /api/products/9/images HTTP/1.1" 200 161 "http://localhost:1905/admin/products/add" "Mozilla/5.0 (X11; Linux x86_64) AppleWebKit/537.36 (KHTML, like Gecko) Chrome/85.0.4183.102 Safari/537.36"
::1 - - [28/Nov/2020:20:55:45 +0000] "GET /api/users/me HTTP/1.1" 304 - "http://localhost:1905/" "Mozilla/5.0 (X11; Linux x86_64) AppleWebKit/537.36 (KHTML, like Gecko) Chrome/85.0.4183.102 Safari/537.36"
::1 - - [28/Nov/2020:20:55:45 +0000] "GET /api/categories HTTP/1.1" 304 - "http://localhost:1905/" "Mozilla/5.0 (X11; Linux x86_64) AppleWebKit/537.36 (KHTML, like Gecko) Chrome/85.0.4183.102 Safari/537.36"
::1 - - [28/Nov/2020:20:55:45 +0000] "GET /api/products HTTP/1.1" 200 722 "http://localhost:1905/" "Mozilla/5.0 (X11; Linux x86_64) AppleWebKit/537.36 (KHTML, like Gecko) Chrome/85.0.4183.102 Safari/537.36"
::1 - - [28/Nov/2020:20:55:45 +0000] "GET /favicon.ico HTTP/1.1" 304 - "http://localhost:1905/" "Mozilla/5.0 (X11; Linux x86_64) AppleWebKit/537.36 (KHTML, like Gecko) Chrome/85.0.4183.102 Safari/537.36"
::1 - - [28/Nov/2020:20:55:45 +0000] "GET /api/carts/ HTTP/1.1" 304 - "http://localhost:1905/" "Mozilla/5.0 (X11; Linux x86_64) AppleWebKit/537.36 (KHTML, like Gecko) Chrome/85.0.4183.102 Safari/537.36"
::1 - - [28/Nov/2020:20:55:45 +0000] "GET /api/carts/current HTTP/1.1" 304 - "http://localhost:1905/" "Mozilla/5.0 (X11; Linux x86_64) AppleWebKit/537.36 (KHTML, like Gecko) Chrome/85.0.4183.102 Safari/537.36"
::1 - - [28/Nov/2020:20:55:47 +0000] "GET /api/products/9 HTTP/1.1" 200 391 "http://localhost:1905/products/9" "Mozilla/5.0 (X11; Linux x86_64) AppleWebKit/537.36 (KHTML, like Gecko) Chrome/85.0.4183.102 Safari/537.36"
::1 - - [28/Nov/2020:20:55:47 +0000] "GET /api/products/9/comments HTTP/1.1" 200 2 "http://localhost:1905/products/9" "Mozilla/5.0 (X11; Linux x86_64) AppleWebKit/537.36 (KHTML, like Gecko) Chrome/85.0.4183.102 Safari/537.36"
::1 - - [28/Nov/2020:20:55:47 +0000] "GET /favicon.ico HTTP/1.1" 304 - "http://localhost:1905/products/9" "Mozilla/5.0 (X11; Linux x86_64) AppleWebKit/537.36 (KHTML, like Gecko) Chrome/85.0.4183.102 Safari/537.36"
::1 - - [28/Nov/2020:20:55:52 +0000] "POST /api/products/9/rates HTTP/1.1" 201 123 "http://localhost:1905/products/9" "Mozilla/5.0 (X11; Linux x86_64) AppleWebKit/537.36 (KHTML, like Gecko) Chrome/85.0.4183.102 Safari/537.36"
::1 - - [28/Nov/2020:20:55:57 +0000] "POST /api/products/9/rates HTTP/1.1" 201 123 "http://localhost:1905/products/9" "Mozilla/5.0 (X11; Linux x86_64) AppleWebKit/537.36 (KHTML, like Gecko) Chrome/85.0.4183.102 Safari/537.36"
::1 - - [28/Nov/2020:20:55:58 +0000] "POST /api/products/9/rates HTTP/1.1" 201 123 "http://localhost:1905/products/9" "Mozilla/5.0 (X11; Linux x86_64) AppleWebKit/537.36 (KHTML, like Gecko) Chrome/85.0.4183.102 Safari/537.36"
::1 - - [28/Nov/2020:20:55:59 +0000] "POST /api/products/9/rates HTTP/1.1" 201 123 "http://localhost:1905/products/9" "Mozilla/5.0 (X11; Linux x86_64) AppleWebKit/537.36 (KHTML, like Gecko) Chrome/85.0.4183.102 Safari/537.36"
::1 - - [28/Nov/2020:20:56:00 +0000] "POST /api/products/9/rates HTTP/1.1" 201 123 "http://localhost:1905/products/9" "Mozilla/5.0 (X11; Linux x86_64) AppleWebKit/537.36 (KHTML, like Gecko) Chrome/85.0.4183.102 Safari/537.36"
::1 - - [28/Nov/2020:20:56:01 +0000] "POST /api/products/9/rates HTTP/1.1" 201 123 "http://localhost:1905/products/9" "Mozilla/5.0 (X11; Linux x86_64) AppleWebKit/537.36 (KHTML, like Gecko) Chrome/85.0.4183.102 Safari/537.36"
::1 - - [28/Nov/2020:20:56:01 +0000] "POST /api/products/9/rates HTTP/1.1" 201 123 "http://localhost:1905/products/9" "Mozilla/5.0 (X11; Linux x86_64) AppleWebKit/537.36 (KHTML, like Gecko) Chrome/85.0.4183.102 Safari/537.36"
::1 - - [28/Nov/2020:20:56:02 +0000] "POST /api/products/9/rates HTTP/1.1" 201 123 "http://localhost:1905/products/9" "Mozilla/5.0 (X11; Linux x86_64) AppleWebKit/537.36 (KHTML, like Gecko) Chrome/85.0.4183.102 Safari/537.36"
::1 - - [28/Nov/2020:20:56:03 +0000] "POST /api/products/9/rates HTTP/1.1" 201 123 "http://localhost:1905/products/9" "Mozilla/5.0 (X11; Linux x86_64) AppleWebKit/537.36 (KHTML, like Gecko) Chrome/85.0.4183.102 Safari/537.36"
::1 - - [28/Nov/2020:20:56:04 +0000] "POST /api/products/9/rates HTTP/1.1" 201 124 "http://localhost:1905/products/9" "Mozilla/5.0 (X11; Linux x86_64) AppleWebKit/537.36 (KHTML, like Gecko) Chrome/85.0.4183.102 Safari/537.36"
::1 - - [28/Nov/2020:20:56:05 +0000] "POST /api/products/9/rates HTTP/1.1" 201 124 "http://localhost:1905/products/9" "Mozilla/5.0 (X11; Linux x86_64) AppleWebKit/537.36 (KHTML, like Gecko) Chrome/85.0.4183.102 Safari/537.36"
::1 - - [28/Nov/2020:20:56:05 +0000] "POST /api/products/9/rates HTTP/1.1" 201 124 "http://localhost:1905/products/9" "Mozilla/5.0 (X11; Linux x86_64) AppleWebKit/537.36 (KHTML, like Gecko) Chrome/85.0.4183.102 Safari/537.36"
::1 - - [28/Nov/2020:20:56:05 +0000] "POST /api/products/9/rates HTTP/1.1" 201 124 "http://localhost:1905/products/9" "Mozilla/5.0 (X11; Linux x86_64) AppleWebKit/537.36 (KHTML, like Gecko) Chrome/85.0.4183.102 Safari/537.36"
::1 - - [28/Nov/2020:20:56:06 +0000] "POST /api/products/9/rates HTTP/1.1" 201 124 "http://localhost:1905/products/9" "Mozilla/5.0 (X11; Linux x86_64) AppleWebKit/537.36 (KHTML, like Gecko) Chrome/85.0.4183.102 Safari/537.36"
::1 - - [28/Nov/2020:20:56:06 +0000] "POST /api/products/9/rates HTTP/1.1" 201 124 "http://localhost:1905/products/9" "Mozilla/5.0 (X11; Linux x86_64) AppleWebKit/537.36 (KHTML, like Gecko) Chrome/85.0.4183.102 Safari/537.36"
::1 - - [28/Nov/2020:20:56:07 +0000] "POST /api/products/9/rates HTTP/1.1" 201 124 "http://localhost:1905/products/9" "Mozilla/5.0 (X11; Linux x86_64) AppleWebKit/537.36 (KHTML, like Gecko) Chrome/85.0.4183.102 Safari/537.36"
::1 - - [28/Nov/2020:20:56:07 +0000] "POST /api/products/9/rates HTTP/1.1" 201 124 "http://localhost:1905/products/9" "Mozilla/5.0 (X11; Linux x86_64) AppleWebKit/537.36 (KHTML, like Gecko) Chrome/85.0.4183.102 Safari/537.36"
::1 - - [28/Nov/2020:20:56:07 +0000] "POST /api/products/9/rates HTTP/1.1" 201 124 "http://localhost:1905/products/9" "Mozilla/5.0 (X11; Linux x86_64) AppleWebKit/537.36 (KHTML, like Gecko) Chrome/85.0.4183.102 Safari/537.36"
::1 - - [28/Nov/2020:20:56:07 +0000] "POST /api/products/9/rates HTTP/1.1" 201 124 "http://localhost:1905/products/9" "Mozilla/5.0 (X11; Linux x86_64) AppleWebKit/537.36 (KHTML, like Gecko) Chrome/85.0.4183.102 Safari/537.36"
::1 - - [28/Nov/2020:20:56:08 +0000] "POST /api/products/9/rates HTTP/1.1" 201 124 "http://localhost:1905/products/9" "Mozilla/5.0 (X11; Linux x86_64) AppleWebKit/537.36 (KHTML, like Gecko) Chrome/85.0.4183.102 Safari/537.36"
::1 - - [28/Nov/2020:20:56:09 +0000] "POST /api/products/9/rates HTTP/1.1" 201 124 "http://localhost:1905/products/9" "Mozilla/5.0 (X11; Linux x86_64) AppleWebKit/537.36 (KHTML, like Gecko) Chrome/85.0.4183.102 Safari/537.36"
::1 - - [28/Nov/2020:20:56:09 +0000] "POST /api/products/9/rates HTTP/1.1" 201 124 "http://localhost:1905/products/9" "Mozilla/5.0 (X11; Linux x86_64) AppleWebKit/537.36 (KHTML, like Gecko) Chrome/85.0.4183.102 Safari/537.36"
::1 - - [28/Nov/2020:20:56:09 +0000] "POST /api/products/9/rates HTTP/1.1" 201 124 "http://localhost:1905/products/9" "Mozilla/5.0 (X11; Linux x86_64) AppleWebKit/537.36 (KHTML, like Gecko) Chrome/85.0.4183.102 Safari/537.36"
::1 - - [28/Nov/2020:20:56:09 +0000] "POST /api/products/9/rates HTTP/1.1" 201 124 "http://localhost:1905/products/9" "Mozilla/5.0 (X11; Linux x86_64) AppleWebKit/537.36 (KHTML, like Gecko) Chrome/85.0.4183.102 Safari/537.36"
::1 - - [28/Nov/2020:20:56:10 +0000] "POST /api/products/9/rates HTTP/1.1" 201 124 "http://localhost:1905/products/9" "Mozilla/5.0 (X11; Linux x86_64) AppleWebKit/537.36 (KHTML, like Gecko) Chrome/85.0.4183.102 Safari/537.36"
::1 - - [28/Nov/2020:20:56:10 +0000] "POST /api/products/9/rates HTTP/1.1" 201 124 "http://localhost:1905/products/9" "Mozilla/5.0 (X11; Linux x86_64) AppleWebKit/537.36 (KHTML, like Gecko) Chrome/85.0.4183.102 Safari/537.36"
::1 - - [28/Nov/2020:20:56:16 +0000] "GET /favicon.ico HTTP/1.1" 304 - "http://localhost:1905/mycarts" "Mozilla/5.0 (X11; Linux x86_64) AppleWebKit/537.36 (KHTML, like Gecko) Chrome/85.0.4183.102 Safari/537.36"
::1 - - [28/Nov/2020:20:56:18 +0000] "GET /api/products/9 HTTP/1.1" 200 3631 "http://localhost:1905/products/9" "Mozilla/5.0 (X11; Linux x86_64) AppleWebKit/537.36 (KHTML, like Gecko) Chrome/85.0.4183.102 Safari/537.36"
::1 - - [28/Nov/2020:20:56:18 +0000] "GET /api/products/9/comments HTTP/1.1" 304 - "http://localhost:1905/products/9" "Mozilla/5.0 (X11; Linux x86_64) AppleWebKit/537.36 (KHTML, like Gecko) Chrome/85.0.4183.102 Safari/537.36"
::1 - - [28/Nov/2020:20:56:18 +0000] "GET /favicon.ico HTTP/1.1" 304 - "http://localhost:1905/products/9" "Mozilla/5.0 (X11; Linux x86_64) AppleWebKit/537.36 (KHTML, like Gecko) Chrome/85.0.4183.102 Safari/537.36"
::1 - - [28/Nov/2020:20:56:24 +0000] "POST /api/carts/orders HTTP/1.1" 201 343 "http://localhost:1905/products/9" "Mozilla/5.0 (X11; Linux x86_64) AppleWebKit/537.36 (KHTML, like Gecko) Chrome/85.0.4183.102 Safari/537.36"
::1 - - [28/Nov/2020:20:56:25 +0000] "GET /api/products HTTP/1.1" 304 - "http://localhost:1905/" "Mozilla/5.0 (X11; Linux x86_64) AppleWebKit/537.36 (KHTML, like Gecko) Chrome/85.0.4183.102 Safari/537.36"
::1 - - [28/Nov/2020:20:56:25 +0000] "GET /favicon.ico HTTP/1.1" 304 - "http://localhost:1905/" "Mozilla/5.0 (X11; Linux x86_64) AppleWebKit/537.36 (KHTML, like Gecko) Chrome/85.0.4183.102 Safari/537.36"
::1 - - [28/Nov/2020:20:56:26 +0000] "GET /api/products/1 HTTP/1.1" 200 382 "http://localhost:1905/products/1" "Mozilla/5.0 (X11; Linux x86_64) AppleWebKit/537.36 (KHTML, like Gecko) Chrome/85.0.4183.102 Safari/537.36"
::1 - - [28/Nov/2020:20:56:26 +0000] "GET /api/products/1/comments HTTP/1.1" 304 - "http://localhost:1905/products/1" "Mozilla/5.0 (X11; Linux x86_64) AppleWebKit/537.36 (KHTML, like Gecko) Chrome/85.0.4183.102 Safari/537.36"
::1 - - [28/Nov/2020:20:56:26 +0000] "GET /favicon.ico HTTP/1.1" 304 - "http://localhost:1905/products/1" "Mozilla/5.0 (X11; Linux x86_64) AppleWebKit/537.36 (KHTML, like Gecko) Chrome/85.0.4183.102 Safari/537.36"
::1 - - [28/Nov/2020:20:56:29 +0000] "POST /api/carts/orders HTTP/1.1" 201 495 "http://localhost:1905/products/1" "Mozilla/5.0 (X11; Linux x86_64) AppleWebKit/537.36 (KHTML, like Gecko) Chrome/85.0.4183.102 Safari/537.36"
::1 - - [28/Nov/2020:20:56:31 +0000] "GET /favicon.ico HTTP/1.1" 304 - "http://localhost:1905/mycart" "Mozilla/5.0 (X11; Linux x86_64) AppleWebKit/537.36 (KHTML, like Gecko) Chrome/85.0.4183.102 Safari/537.36"
::1 - - [28/Nov/2020:20:56:40 +0000] "PUT /api/carts/orders/4 HTTP/1.1" 200 300 "http://localhost:1905/mycart" "Mozilla/5.0 (X11; Linux x86_64) AppleWebKit/537.36 (KHTML, like Gecko) Chrome/85.0.4183.102 Safari/537.36"
::1 - - [28/Nov/2020:20:56:44 +0000] "PUT /api/carts/orders/5 HTTP/1.1" 200 300 "http://localhost:1905/mycart" "Mozilla/5.0 (X11; Linux x86_64) AppleWebKit/537.36 (KHTML, like Gecko) Chrome/85.0.4183.102 Safari/537.36"
::1 - - [28/Nov/2020:20:56:46 +0000] "PUT /api/carts/1 HTTP/1.1" 200 162 "http://localhost:1905/mycart" "Mozilla/5.0 (X11; Linux x86_64) AppleWebKit/537.36 (KHTML, like Gecko) Chrome/85.0.4183.102 Safari/537.36"
::1 - - [28/Nov/2020:20:56:46 +0000] "GET /api/products HTTP/1.1" 200 722 "http://localhost:1905/" "Mozilla/5.0 (X11; Linux x86_64) AppleWebKit/537.36 (KHTML, like Gecko) Chrome/85.0.4183.102 Safari/537.36"
::1 - - [28/Nov/2020:20:56:46 +0000] "GET /favicon.ico HTTP/1.1" 304 - "http://localhost:1905/" "Mozilla/5.0 (X11; Linux x86_64) AppleWebKit/537.36 (KHTML, like Gecko) Chrome/85.0.4183.102 Safari/537.36"
::1 - - [28/Nov/2020:20:56:46 +0000] "GET /api/carts/current HTTP/1.1" 200 170 "http://localhost:1905/" "Mozilla/5.0 (X11; Linux x86_64) AppleWebKit/537.36 (KHTML, like Gecko) Chrome/85.0.4183.102 Safari/537.36"
::1 - - [28/Nov/2020:20:56:48 +0000] "GET /favicon.ico HTTP/1.1" 304 - "http://localhost:1905/mycarts" "Mozilla/5.0 (X11; Linux x86_64) AppleWebKit/537.36 (KHTML, like Gecko) Chrome/85.0.4183.102 Safari/537.36"
::1 - - [28/Nov/2020:20:56:51 +0000] "GET /api/carts/1 HTTP/1.1" 200 1015 "http://localhost:1905/mycarts/1" "Mozilla/5.0 (X11; Linux x86_64) AppleWebKit/537.36 (KHTML, like Gecko) Chrome/85.0.4183.102 Safari/537.36"
::1 - - [28/Nov/2020:20:56:51 +0000] "GET /favicon.ico HTTP/1.1" 304 - "http://localhost:1905/mycarts/1" "Mozilla/5.0 (X11; Linux x86_64) AppleWebKit/537.36 (KHTML, like Gecko) Chrome/85.0.4183.102 Safari/537.36"
::1 - - [28/Nov/2020:20:57:02 +0000] "GET /favicon.ico HTTP/1.1" 304 - "http://localhost:1905/" "Mozilla/5.0 (X11; Linux x86_64) AppleWebKit/537.36 (KHTML, like Gecko) Chrome/85.0.4183.102 Safari/537.36"
::1 - - [28/Nov/2020:20:57:02 +0000] "GET /api/products HTTP/1.1" 304 - "http://localhost:1905/" "Mozilla/5.0 (X11; Linux x86_64) AppleWebKit/537.36 (KHTML, like Gecko) Chrome/85.0.4183.102 Safari/537.36"
::1 - - [28/Nov/2020:20:57:25 +0000] "GET /api/users/me HTTP/1.1" 304 - "http://localhost:1905/admin" "Mozilla/5.0 (X11; Linux x86_64) AppleWebKit/537.36 (KHTML, like Gecko) Chrome/85.0.4183.102 Safari/537.36"
::1 - - [28/Nov/2020:20:57:25 +0000] "GET /favicon.ico HTTP/1.1" 304 - "http://localhost:1905/admin" "Mozilla/5.0 (X11; Linux x86_64) AppleWebKit/537.36 (KHTML, like Gecko) Chrome/85.0.4183.102 Safari/537.36"
::1 - - [28/Nov/2020:20:57:26 +0000] "GET /api/users HTTP/1.1" 200 1212 "http://localhost:1905/admin/users" "Mozilla/5.0 (X11; Linux x86_64) AppleWebKit/537.36 (KHTML, like Gecko) Chrome/85.0.4183.102 Safari/537.36"
::1 - - [28/Nov/2020:20:57:27 +0000] "GET /favicon.ico HTTP/1.1" 304 - "http://localhost:1905/admin/users" "Mozilla/5.0 (X11; Linux x86_64) AppleWebKit/537.36 (KHTML, like Gecko) Chrome/85.0.4183.102 Safari/537.36"
::1 - - [28/Nov/2020:20:57:32 +0000] "PUT /api/users/4 HTTP/1.1" 200 280 "http://localhost:1905/admin/users" "Mozilla/5.0 (X11; Linux x86_64) AppleWebKit/537.36 (KHTML, like Gecko) Chrome/85.0.4183.102 Safari/537.36"
::1 - - [28/Nov/2020:20:57:40 +0000] "DELETE /api/users/3 HTTP/1.1" 200 2 "http://localhost:1905/admin/users" "Mozilla/5.0 (X11; Linux x86_64) AppleWebKit/537.36 (KHTML, like Gecko) Chrome/85.0.4183.102 Safari/537.36"
::1 - - [28/Nov/2020:20:57:42 +0000] "GET /api/products HTTP/1.1" 304 - "http://localhost:1905/admin/products" "Mozilla/5.0 (X11; Linux x86_64) AppleWebKit/537.36 (KHTML, like Gecko) Chrome/85.0.4183.102 Safari/537.36"
::1 - - [28/Nov/2020:20:57:42 +0000] "GET /favicon.ico HTTP/1.1" 304 - "http://localhost:1905/admin/products" "Mozilla/5.0 (X11; Linux x86_64) AppleWebKit/537.36 (KHTML, like Gecko) Chrome/85.0.4183.102 Safari/537.36"
::1 - - [28/Nov/2020:20:57:44 +0000] "GET /api/categories HTTP/1.1" 304 - "http://localhost:1905/admin/categories" "Mozilla/5.0 (X11; Linux x86_64) AppleWebKit/537.36 (KHTML, like Gecko) Chrome/85.0.4183.102 Safari/537.36"
::1 - - [28/Nov/2020:20:57:44 +0000] "GET /favicon.ico HTTP/1.1" 304 - "http://localhost:1905/admin/categories" "Mozilla/5.0 (X11; Linux x86_64) AppleWebKit/537.36 (KHTML, like Gecko) Chrome/85.0.4183.102 Safari/537.36"
::1 - - [28/Nov/2020:20:57:45 +0000] "GET /api/products HTTP/1.1" 304 - "http://localhost:1905/" "Mozilla/5.0 (X11; Linux x86_64) AppleWebKit/537.36 (KHTML, like Gecko) Chrome/85.0.4183.102 Safari/537.36"
::1 - - [28/Nov/2020:20:57:45 +0000] "GET /api/users/me HTTP/1.1" 304 - "http://localhost:1905/" "Mozilla/5.0 (X11; Linux x86_64) AppleWebKit/537.36 (KHTML, like Gecko) Chrome/85.0.4183.102 Safari/537.36"
::1 - - [28/Nov/2020:20:57:45 +0000] "GET /api/categories HTTP/1.1" 304 - "http://localhost:1905/" "Mozilla/5.0 (X11; Linux x86_64) AppleWebKit/537.36 (KHTML, like Gecko) Chrome/85.0.4183.102 Safari/537.36"
::1 - - [28/Nov/2020:20:57:45 +0000] "GET /favicon.ico HTTP/1.1" 304 - "http://localhost:1905/" "Mozilla/5.0 (X11; Linux x86_64) AppleWebKit/537.36 (KHTML, like Gecko) Chrome/85.0.4183.102 Safari/537.36"
::1 - - [28/Nov/2020:20:57:45 +0000] "GET /api/carts/ HTTP/1.1" 200 149 "http://localhost:1905/" "Mozilla/5.0 (X11; Linux x86_64) AppleWebKit/537.36 (KHTML, like Gecko) Chrome/85.0.4183.102 Safari/537.36"
::1 - - [28/Nov/2020:20:57:45 +0000] "GET /api/carts/current HTTP/1.1" 200 170 "http://localhost:1905/" "Mozilla/5.0 (X11; Linux x86_64) AppleWebKit/537.36 (KHTML, like Gecko) Chrome/85.0.4183.102 Safari/537.36"
::1 - - [07/Dec/2020:18:23:07 +0000] "GET / HTTP/1.1" 200 827 "-" "Mozilla/5.0 (X11; Linux x86_64) AppleWebKit/537.36 (KHTML, like Gecko) Chrome/87.0.4280.66 Safari/537.36"
::1 - - [07/Dec/2020:18:23:07 +0000] "GET /style.css HTTP/1.1" 200 279 "http://localhost:1905/" "Mozilla/5.0 (X11; Linux x86_64) AppleWebKit/537.36 (KHTML, like Gecko) Chrome/87.0.4280.66 Safari/537.36"
::1 - - [07/Dec/2020:18:23:07 +0000] "GET /bundle.js HTTP/1.1" 200 4049292 "http://localhost:1905/" "Mozilla/5.0 (X11; Linux x86_64) AppleWebKit/537.36 (KHTML, like Gecko) Chrome/87.0.4280.66 Safari/537.36"
::1 - - [07/Dec/2020:18:23:08 +0000] "GET /bundle.js.map HTTP/1.1" 200 3574696 "-" "Mozilla/5.0 (X11; Linux x86_64) AppleWebKit/537.36 (KHTML, like Gecko) Chrome/87.0.4280.66 Safari/537.36"
::1 - - [07/Dec/2020:18:23:08 +0000] "GET /logo.png HTTP/1.1" 200 2523 "http://localhost:1905/" "Mozilla/5.0 (X11; Linux x86_64) AppleWebKit/537.36 (KHTML, like Gecko) Chrome/87.0.4280.66 Safari/537.36"
::1 - - [07/Dec/2020:18:23:08 +0000] "GET /logoP5.png HTTP/1.1" 200 4055 "http://localhost:1905/" "Mozilla/5.0 (X11; Linux x86_64) AppleWebKit/537.36 (KHTML, like Gecko) Chrome/87.0.4280.66 Safari/537.36"
::1 - - [07/Dec/2020:18:23:09 +0000] "GET /api/users/me HTTP/1.1" 401 12 "http://localhost:1905/" "Mozilla/5.0 (X11; Linux x86_64) AppleWebKit/537.36 (KHTML, like Gecko) Chrome/87.0.4280.66 Safari/537.36"
::1 - - [07/Dec/2020:18:23:09 +0000] "GET /api/categories HTTP/1.1" 200 2 "http://localhost:1905/" "Mozilla/5.0 (X11; Linux x86_64) AppleWebKit/537.36 (KHTML, like Gecko) Chrome/87.0.4280.66 Safari/537.36"
::1 - - [07/Dec/2020:18:23:09 +0000] "GET /api/products HTTP/1.1" 200 722 "http://localhost:1905/" "Mozilla/5.0 (X11; Linux x86_64) AppleWebKit/537.36 (KHTML, like Gecko) Chrome/87.0.4280.66 Safari/537.36"
::1 - - [07/Dec/2020:18:23:09 +0000] "GET /favicon.ico HTTP/1.1" 200 827 "http://localhost:1905/" "Mozilla/5.0 (X11; Linux x86_64) AppleWebKit/537.36 (KHTML, like Gecko) Chrome/87.0.4280.66 Safari/537.36"
::1 - - [07/Dec/2020:18:23:16 +0000] "GET /favicon.ico HTTP/1.1" 304 - "http://localhost:1905/mycart" "Mozilla/5.0 (X11; Linux x86_64) AppleWebKit/537.36 (KHTML, like Gecko) Chrome/87.0.4280.66 Safari/537.36"
::1 - - [07/Dec/2020:18:23:17 +0000] "GET /api/products HTTP/1.1" 304 - "http://localhost:1905/" "Mozilla/5.0 (X11; Linux x86_64) AppleWebKit/537.36 (KHTML, like Gecko) Chrome/87.0.4280.66 Safari/537.36"
::1 - - [07/Dec/2020:18:23:17 +0000] "GET /favicon.ico HTTP/1.1" 304 - "http://localhost:1905/" "Mozilla/5.0 (X11; Linux x86_64) AppleWebKit/537.36 (KHTML, like Gecko) Chrome/87.0.4280.66 Safari/537.36"
